INFO: latexindent version 3.4.1, 2018-01-18, a script to indent .tex files
      latexindent lives here: /usr/share/texlive/texmf-dist/scripts/latexindent/
      Sun Jul 21 16:08:10 2019
      Filename: 08_recycle-bin.tex
INFO: Processing switches:
      -w|--overwrite: Overwrite mode active, will make a back up of 08_recycle-bin.tex first
      -l|--localSettings: Read localSettings YAML file
      -m|--modifylinebreaks: modify line breaks
INFO: Directory for backup files and indent.log: .
INFO: YAML settings read: defaultSettings.yaml
      Reading defaultSettings.yaml from /usr/share/texlive/texmf-dist/scripts/latexindent/defaultSettings.yaml
INFO: YAML settings read: indentconfig.yaml or .indentconfig.yaml
      Home directory is /users/labnet5/gr6/cdnh22 (didn't find either indentconfig.yaml or .indentconfig.yaml)
      To specify user settings you would put indentconfig.yaml here: /users/labnet5/gr6/cdnh22/indentconfig.yaml
      Alternatively, you can use the hidden file .indentconfig.yaml as: /users/labnet5/gr6/cdnh22/.indentconfig.yaml
INFO: YAML settings read: -l switch
WARN: yaml file not found: manipulate-sentences.yaml not found. Proceeding without it.
INFO: Backup procedure (-w flag active):
      copying 08_recycle-bin.tex to ./08_recycle-bin.bak0
      Backup file: ./08_recycle-bin.bak0
      08_recycle-bin.tex will be overwritten after indentation
INFO: Phase 1: searching for objects
INFO: Phase 2: finding surrounding indentation
INFO: Phase 3: indenting objects
INFO: Phase 4: final indentation check
INFO: Output routine:
      Overwriting file 08_recycle-bin.tex
      --------------
INFO: Please direct all communication/issues to:
      https://github.com/cmhughes/latexindent.pl
